<?xml version="1.0" encoding="UTF-8"?>
<!-- Generated by org.testng.reporters.JUnitReportReporter -->
<testsuite hostname="LAPTOP-43J3MGE8" failures="0" tests="2" name="ai.ds.testLayer.TransactionTest" time="39.865" errors="0" timestamp="2022-11-18T07:42:22 IST" skipped="0">
  <testcase classname="ai.ds.testLayer.TransactionTest" name="getTrnsDetaisPage2" time="23.854"/>
  <system-out/>
  <testcase classname="ai.ds.testLayer.TransactionTest" name="getTrnsDetais" time="16.011"/>
  <system-out/>
</testsuite> <!-- ai.ds.testLayer.TransactionTest -->
